<?xml version="1.0" encoding="UTF-8"?>
<!-- Generated by org.testng.reporters.JUnitReportReporter -->
<testsuite skipped="0" hostname="DESKTOP-KR3620N" name="qaclickacademy.RestAPITest" tests="2" failures="0" timestamp="2020-12-14T14:58:00 CET" time="0.002" errors="0">
  <testcase name="deleteTwitter" time="0.001" classname="qaclickacademy.RestAPITest"/>
  <system-out/>
  <testcase name="PostJira" time="0.001" classname="qaclickacademy.RestAPITest"/>
  <system-out/>
</testsuite> <!-- qaclickacademy.RestAPITest -->
