<?xml version="1.0" encoding="UTF-8"?>
<!-- Generated by org.testng.reporters.JUnitReportReporter -->
<testsuite skipped="0" hostname="DESKTOP-KR3620N" name="qaclickacademy.AppiumTest" tests="2" failures="0" timestamp="2020-12-14T14:58:00 CET" time="0.033" errors="0">
  <testcase name="NativeAppAndroid" time="0.016" classname="qaclickacademy.AppiumTest"/>
  <system-out/>
  <testcase name="IOSApps" time="0.017" classname="qaclickacademy.AppiumTest"/>
  <system-out/>
</testsuite> <!-- qaclickacademy.AppiumTest -->
